Using pre-set license
Built from '2020.3/release' branch; Version is '2020.3.7f1 (dd97f2c94397) revision 14522354'; Using compiler version '192528614'; Build Type 'Release'
OS: 'Windows 10 Pro; OS build 19042.1052; Version 2009; 64bit' Language: 'en' Physical Memory: 16254 MB
BatchMode: 1, IsHumanControllingUs: 0, StartBugReporterOnCrash: 0, Is64bit: 1, IsPro: 0

 COMMAND LINE ARGUMENTS:
D:\Unity\2020.3.7f1\Editor\Unity.exe
-adb2
-batchMode
-noUpm
-name
AssetImportWorker0
-projectPath
D:/Unity/GAPFinalProject/SHFinalProject
-logFile
Logs/AssetImportWorker0.log
-srvPort
63515
Successfully changed project path to: D:/Unity/GAPFinalProject/SHFinalProject
D:/Unity/GAPFinalProject/SHFinalProject
Using Asset Import Pipeline V2.
Refreshing native plugins compatible for Editor in 74.80 ms, found 5 plugins.
Preloading 1 native plugins for Editor in 1.48 ms.
Initialize engine version: 2020.3.7f1 (dd97f2c94397)
[Subsystems] Discovering subsystems at path D:/Unity/2020.3.7f1/Editor/Data/Resources/UnitySubsystems
[Subsystems] Discovering subsystems at path D:/Unity/GAPFinalProject/SHFinalProject/Assets
GfxDevice: creating device client; threaded=0
Direct3D:
    Version:  Direct3D 11.0 [level 11.1]
    Renderer: NVIDIA GeForce GTX 1060 (ID=0x1c20)
    Vendor:   
    VRAM:     6052 MB
    Driver:   27.21.14.6647
Shader 'Oculus/OVRMRCameraFrameLit': fallback shader 'Alpha-Diffuse' not found
Initialize mono
Mono path[0] = 'D:/Unity/2020.3.7f1/Editor/Data/Managed'
Mono path[1] = 'D:/Unity/2020.3.7f1/Editor/Data/MonoBleedingEdge/lib/mono/unityjit'
Mono config path = 'D:/Unity/2020.3.7f1/Editor/Data/MonoBleedingEdge/etc'
Using monoOptions --debugger-agent=transport=dt_socket,embedding=1,server=y,suspend=n,address=127.0.0.1:56868
Begin MonoManager ReloadAssembly
Registering precompiled unity dll's ...
Register platform support module: D:/Unity/2020.3.7f1/Editor/Data/PlaybackEngines/WindowsStandaloneSupport/UnityEditor.WindowsStandalone.Extensions.dll
Registered in 0.001211 seconds.
Native extension for WindowsStandalone target not found
Refreshing native plugins compatible for Editor in 80.56 ms, found 5 plugins.
Preloading 1 native plugins for Editor in 0.05 ms.
Mono: successfully reloaded assembly
- Completed reload, in  1.324 seconds
Platform modules already initialized, skipping
Registering precompiled user dll's ...
Registered in 0.002910 seconds.
Begin MonoManager ReloadAssembly
Native extension for WindowsStandalone target not found
Refreshing native plugins compatible for Editor in 53.92 ms, found 5 plugins.
Preloading 1 native plugins for Editor in 0.05 ms.
[XR] OculusXRPlugin: registering subsystems
[XR] Unable to register display lifecyle provider: [1]
[XR] Oculus Input lifecycle provider registered.
[XR] Unable to register input lifecyle provider: [1]
[XR] OVRP version 1.61.0
Mono: successfully reloaded assembly
- Completed reload, in  1.073 seconds
Platform modules already initialized, skipping
========================================================================
Worker process is ready to serve import requests
Shader 'Oculus/OVRMRCameraFrameLit': fallback shader 'Alpha-Diffuse' not found
Launched and connected shader compiler UnityShaderCompiler.exe after 0.06 seconds
Refreshing native plugins compatible for Editor in 0.93 ms, found 5 plugins.
Preloading 1 native plugins for Editor in 0.05 ms.
Unloading 2223 Unused Serialized files (Serialized files now loaded: 0)
System memory in use before: 106.1 MB.
System memory in use after: 106.2 MB.

Unloading 42 unused Assets to reduce memory usage. Loaded Objects now: 2648.
Total: 2.589200 ms (FindLiveObjects: 0.249800 ms CreateObjectMapping: 0.124700 ms MarkObjects: 2.088100 ms  DeleteObjects: 0.125100 ms)

========================================================================
Received Import Request.
  path: Assets/Scripts/IGrabbable.cs
  artifactKey: Guid(352aef26d50749943908705c5f3f6d08) Importer(815301076,1909f56bfc062723c751e8b465ee728b)
Start importing Assets/Scripts/IGrabbable.cs using Guid(352aef26d50749943908705c5f3f6d08) Importer(815301076,1909f56bfc062723c751e8b465ee728b)  -> (artifact id: 'f4b8bd3ac73c344d080ad17f13ab8d44') in 0.071956 seconds
  Import took 0.076624 seconds .

========================================================================
Received Prepare
Registering precompiled user dll's ...
Registered in 0.003454 seconds.
Begin MonoManager ReloadAssembly
Native extension for WindowsStandalone target not found
Refreshing native plugins compatible for Editor in 0.81 ms, found 5 plugins.
Preloading 1 native plugins for Editor in 0.06 ms.
Mono: successfully reloaded assembly
- Completed reload, in  1.083 seconds
Platform modules already initialized, skipping
Shader 'Oculus/OVRMRCameraFrameLit': fallback shader 'Alpha-Diffuse' not found
Refreshing native plugins compatible for Editor in 1.19 ms, found 5 plugins.
Preloading 1 native plugins for Editor in 0.09 ms.
Unloading 2159 Unused Serialized files (Serialized files now loaded: 0)
System memory in use before: 101.8 MB.
System memory in use after: 101.9 MB.

Unloading 35 unused Assets to reduce memory usage. Loaded Objects now: 2652.
Total: 1.888500 ms (FindLiveObjects: 0.199700 ms CreateObjectMapping: 0.082000 ms MarkObjects: 1.580200 ms  DeleteObjects: 0.025900 ms)

========================================================================
Received Prepare
Registering precompiled user dll's ...
Registered in 0.002892 seconds.
Begin MonoManager ReloadAssembly
Native extension for WindowsStandalone target not found
Refreshing native plugins compatible for Editor in 0.88 ms, found 5 plugins.
Preloading 1 native plugins for Editor in 0.04 ms.
Mono: successfully reloaded assembly
- Completed reload, in  0.899 seconds
Platform modules already initialized, skipping
Shader 'Oculus/OVRMRCameraFrameLit': fallback shader 'Alpha-Diffuse' not found
Refreshing native plugins compatible for Editor in 0.86 ms, found 5 plugins.
Preloading 1 native plugins for Editor in 0.04 ms.
Unloading 2159 Unused Serialized files (Serialized files now loaded: 0)
System memory in use before: 101.9 MB.
System memory in use after: 102.0 MB.

Unloading 35 unused Assets to reduce memory usage. Loaded Objects now: 2656.
Total: 2.085300 ms (FindLiveObjects: 0.236400 ms CreateObjectMapping: 0.073600 ms MarkObjects: 1.749400 ms  DeleteObjects: 0.024900 ms)

========================================================================
Received Import Request.
  Time since last request: 404.731372 seconds.
  path: Assets/Scripts/IGrabbable.cs
  artifactKey: Guid(352aef26d50749943908705c5f3f6d08) Importer(815301076,1909f56bfc062723c751e8b465ee728b)
Start importing Assets/Scripts/IGrabbable.cs using Guid(352aef26d50749943908705c5f3f6d08) Importer(815301076,1909f56bfc062723c751e8b465ee728b)  -> (artifact id: '5cf239cb9ded78cfd635456f2cb6dfa6') in 0.007332 seconds
  Import took 0.012501 seconds .

========================================================================
Received Import Request.
  Time since last request: 2230.172602 seconds.
  path: Assets/Scripts/Gun.cs
  artifactKey: Guid(2264be3b44ec220468b50bf7d34740db) Importer(815301076,1909f56bfc062723c751e8b465ee728b)
Start importing Assets/Scripts/Gun.cs using Guid(2264be3b44ec220468b50bf7d34740db) Importer(815301076,1909f56bfc062723c751e8b465ee728b)  -> (artifact id: '665adac834d6d0c8e21b415bb1953d04') in 0.008710 seconds
  Import took 0.015301 seconds .

========================================================================
Received Import Request.
  Time since last request: 26.068320 seconds.
  path: Assets/Scripts/IGrabbable.cs
  artifactKey: Guid(352aef26d50749943908705c5f3f6d08) Importer(815301076,1909f56bfc062723c751e8b465ee728b)
Start importing Assets/Scripts/IGrabbable.cs using Guid(352aef26d50749943908705c5f3f6d08) Importer(815301076,1909f56bfc062723c751e8b465ee728b)  -> (artifact id: '1c48b42610005500d5058afe5b6716c8') in 0.002586 seconds
  Import took 0.008231 seconds .

========================================================================
Received Import Request.
  Time since last request: 97.991956 seconds.
  path: Assets/Scripts/IGrabbable.cs
  artifactKey: Guid(352aef26d50749943908705c5f3f6d08) Importer(815301076,1909f56bfc062723c751e8b465ee728b)
Start importing Assets/Scripts/IGrabbable.cs using Guid(352aef26d50749943908705c5f3f6d08) Importer(815301076,1909f56bfc062723c751e8b465ee728b)  -> (artifact id: '011af4d30b0e0ecfd3de9ecfb5d08bf8') in 0.005746 seconds
  Import took 0.012260 seconds .

========================================================================
Received Prepare
Registering precompiled user dll's ...
Registered in 0.003091 seconds.
Begin MonoManager ReloadAssembly
Native extension for WindowsStandalone target not found
Refreshing native plugins compatible for Editor in 1.52 ms, found 5 plugins.
Preloading 1 native plugins for Editor in 0.06 ms.
Mono: successfully reloaded assembly
- Completed reload, in  0.914 seconds
Platform modules already initialized, skipping
Shader 'Oculus/OVRMRCameraFrameLit': fallback shader 'Alpha-Diffuse' not found
Refreshing native plugins compatible for Editor in 0.79 ms, found 5 plugins.
Preloading 1 native plugins for Editor in 0.04 ms.
Unloading 2159 Unused Serialized files (Serialized files now loaded: 0)
System memory in use before: 101.9 MB.
System memory in use after: 102.0 MB.

Unloading 35 unused Assets to reduce memory usage. Loaded Objects now: 2660.
Total: 3.129100 ms (FindLiveObjects: 0.274500 ms CreateObjectMapping: 0.087500 ms MarkObjects: 2.735500 ms  DeleteObjects: 0.030800 ms)

========================================================================
Received Import Request.
  Time since last request: 67.164342 seconds.
  path: Assets/Scripts/Gun.cs
  artifactKey: Guid(2264be3b44ec220468b50bf7d34740db) Importer(815301076,1909f56bfc062723c751e8b465ee728b)
Start importing Assets/Scripts/Gun.cs using Guid(2264be3b44ec220468b50bf7d34740db) Importer(815301076,1909f56bfc062723c751e8b465ee728b)  -> (artifact id: '9524f5de44be35b24f65d2291e6f6e16') in 0.004219 seconds
  Import took 0.008804 seconds .

========================================================================
Received Prepare
Registering precompiled user dll's ...
Registered in 0.003298 seconds.
Begin MonoManager ReloadAssembly
Native extension for WindowsStandalone target not found
Refreshing native plugins compatible for Editor in 0.68 ms, found 5 plugins.
Preloading 1 native plugins for Editor in 0.04 ms.
Mono: successfully reloaded assembly
- Completed reload, in  0.910 seconds
Platform modules already initialized, skipping
Shader 'Oculus/OVRMRCameraFrameLit': fallback shader 'Alpha-Diffuse' not found
Refreshing native plugins compatible for Editor in 0.76 ms, found 5 plugins.
Preloading 1 native plugins for Editor in 0.03 ms.
Unloading 2159 Unused Serialized files (Serialized files now loaded: 0)
System memory in use before: 101.9 MB.
System memory in use after: 102.0 MB.

Unloading 35 unused Assets to reduce memory usage. Loaded Objects now: 2664.
Total: 2.358400 ms (FindLiveObjects: 0.330400 ms CreateObjectMapping: 0.096900 ms MarkObjects: 1.905400 ms  DeleteObjects: 0.024300 ms)

========================================================================
Received Import Request.
  Time since last request: 1771.325828 seconds.
  path: Assets/Scripts/Gun.cs
  artifactKey: Guid(2264be3b44ec220468b50bf7d34740db) Importer(815301076,1909f56bfc062723c751e8b465ee728b)
Start importing Assets/Scripts/Gun.cs using Guid(2264be3b44ec220468b50bf7d34740db) Importer(815301076,1909f56bfc062723c751e8b465ee728b)  -> (artifact id: '88babdc512a0b7b5d725662e7ad9de74') in 0.004899 seconds
  Import took 0.009000 seconds .

========================================================================
Received Import Request.
  Time since last request: 53.549441 seconds.
  path: Assets/Scripts/Grabber.cs
  artifactKey: Guid(549929985be55e74db1ed28f1b2df727) Importer(815301076,1909f56bfc062723c751e8b465ee728b)
Start importing Assets/Scripts/Grabber.cs using Guid(549929985be55e74db1ed28f1b2df727) Importer(815301076,1909f56bfc062723c751e8b465ee728b)  -> (artifact id: 'bea5cf5d0938dbd29c7f2627126143af') in 0.008816 seconds
  Import took 0.013569 seconds .

========================================================================
Received Prepare
Registering precompiled user dll's ...
Registered in 0.003940 seconds.
Begin MonoManager ReloadAssembly
Native extension for WindowsStandalone target not found
Refreshing native plugins compatible for Editor in 1.10 ms, found 5 plugins.
Preloading 1 native plugins for Editor in 0.06 ms.
Mono: successfully reloaded assembly
- Completed reload, in  0.998 seconds
Platform modules already initialized, skipping
Shader 'Oculus/OVRMRCameraFrameLit': fallback shader 'Alpha-Diffuse' not found
Refreshing native plugins compatible for Editor in 0.82 ms, found 5 plugins.
Preloading 1 native plugins for Editor in 0.03 ms.
Unloading 2160 Unused Serialized files (Serialized files now loaded: 0)
System memory in use before: 101.9 MB.
System memory in use after: 102.0 MB.

Unloading 35 unused Assets to reduce memory usage. Loaded Objects now: 2669.
Total: 2.487700 ms (FindLiveObjects: 0.335400 ms CreateObjectMapping: 0.126600 ms MarkObjects: 1.967100 ms  DeleteObjects: 0.057500 ms)

========================================================================
Received Import Request.
  Time since last request: 10414.648862 seconds.
  path: Assets/Scripts/Grabber.cs
  artifactKey: Guid(549929985be55e74db1ed28f1b2df727) Importer(815301076,1909f56bfc062723c751e8b465ee728b)
Start importing Assets/Scripts/Grabber.cs using Guid(549929985be55e74db1ed28f1b2df727) Importer(815301076,1909f56bfc062723c751e8b465ee728b)  -> (artifact id: '26438878ce0493da9e539743d6b8131e') in 0.013985 seconds
  Import took 0.021569 seconds .

========================================================================
Received Import Request.
  Time since last request: 0.001035 seconds.
  path: Assets/Scripts/Grabber.cs
  artifactKey: Guid(549929985be55e74db1ed28f1b2df727) Importer(815301076,1909f56bfc062723c751e8b465ee728b)
Start importing Assets/Scripts/Grabber.cs using Guid(549929985be55e74db1ed28f1b2df727) Importer(815301076,1909f56bfc062723c751e8b465ee728b)  -> (artifact id: '26438878ce0493da9e539743d6b8131e') in 0.002469 seconds
  Import took 0.008148 seconds .

========================================================================
Received Import Request.
  Time since last request: 842.223836 seconds.
  path: Assets/Scripts/Grabber.cs
  artifactKey: Guid(549929985be55e74db1ed28f1b2df727) Importer(815301076,1909f56bfc062723c751e8b465ee728b)
Start importing Assets/Scripts/Grabber.cs using Guid(549929985be55e74db1ed28f1b2df727) Importer(815301076,1909f56bfc062723c751e8b465ee728b)  -> (artifact id: 'a131fb88589840d244215f062e0b1a51') in 0.009746 seconds
  Import took 0.014761 seconds .

========================================================================
Received Import Request.
  Time since last request: 227.411785 seconds.
  path: Assets/Scripts/Grabber.cs
  artifactKey: Guid(549929985be55e74db1ed28f1b2df727) Importer(815301076,1909f56bfc062723c751e8b465ee728b)
Start importing Assets/Scripts/Grabber.cs using Guid(549929985be55e74db1ed28f1b2df727) Importer(815301076,1909f56bfc062723c751e8b465ee728b)  -> (artifact id: '8cf152f06c31167e6a5d4a8c237dab05') in 0.003279 seconds
  Import took 0.008539 seconds .

========================================================================
Received Prepare
Registering precompiled user dll's ...
Registered in 0.003850 seconds.
Begin MonoManager ReloadAssembly
Native extension for WindowsStandalone target not found
Refreshing native plugins compatible for Editor in 0.73 ms, found 5 plugins.
Preloading 1 native plugins for Editor in 0.04 ms.
Mono: successfully reloaded assembly
- Completed reload, in  0.911 seconds
Platform modules already initialized, skipping
Script error: OnCollisionEnter
This message parameter has to be of type: Collision
The message will be ignored.

Shader 'Oculus/OVRMRCameraFrameLit': fallback shader 'Alpha-Diffuse' not found
Refreshing native plugins compatible for Editor in 0.73 ms, found 5 plugins.
Preloading 1 native plugins for Editor in 0.03 ms.
Unloading 2160 Unused Serialized files (Serialized files now loaded: 0)
System memory in use before: 102.1 MB.
System memory in use after: 102.2 MB.

Unloading 35 unused Assets to reduce memory usage. Loaded Objects now: 2673.
Total: 2.641200 ms (FindLiveObjects: 0.266400 ms CreateObjectMapping: 0.115500 ms MarkObjects: 2.228200 ms  DeleteObjects: 0.029700 ms)

========================================================================
Received Import Request.
  Time since last request: 90.288618 seconds.
  path: Assets/Scripts/Grabber.cs
  artifactKey: Guid(549929985be55e74db1ed28f1b2df727) Importer(815301076,1909f56bfc062723c751e8b465ee728b)
Start importing Assets/Scripts/Grabber.cs using Guid(549929985be55e74db1ed28f1b2df727) Importer(815301076,1909f56bfc062723c751e8b465ee728b)  -> (artifact id: '5366aa55e70de8792d47b6173fcefbdb') in 0.005829 seconds
  Import took 0.012013 seconds .

========================================================================
Received Prepare
Registering precompiled user dll's ...
Registered in 0.003792 seconds.
Begin MonoManager ReloadAssembly
Native extension for WindowsStandalone target not found
Refreshing native plugins compatible for Editor in 1.40 ms, found 5 plugins.
Preloading 1 native plugins for Editor in 0.09 ms.
Mono: successfully reloaded assembly
- Completed reload, in  0.874 seconds
Platform modules already initialized, skipping
Script error: OnCollisionEnter
This message parameter has to be of type: Collision
The message will be ignored.

Shader 'Oculus/OVRMRCameraFrameLit': fallback shader 'Alpha-Diffuse' not found
Refreshing native plugins compatible for Editor in 0.83 ms, found 5 plugins.
Preloading 1 native plugins for Editor in 0.04 ms.
Unloading 2160 Unused Serialized files (Serialized files now loaded: 0)
System memory in use before: 102.1 MB.
System memory in use after: 102.2 MB.

Unloading 35 unused Assets to reduce memory usage. Loaded Objects now: 2677.
Total: 2.508900 ms (FindLiveObjects: 0.446000 ms CreateObjectMapping: 0.235800 ms MarkObjects: 1.799000 ms  DeleteObjects: 0.026700 ms)

========================================================================
Received Import Request.
  Time since last request: 230.421886 seconds.
  path: Assets/Scripts/Grabber.cs
  artifactKey: Guid(549929985be55e74db1ed28f1b2df727) Importer(815301076,1909f56bfc062723c751e8b465ee728b)
Start importing Assets/Scripts/Grabber.cs using Guid(549929985be55e74db1ed28f1b2df727) Importer(815301076,1909f56bfc062723c751e8b465ee728b)  -> (artifact id: '820b7c6c1c6fa27ab9fc95e2f6387d0a') in 0.007219 seconds
  Import took 0.013366 seconds .

========================================================================
Received Prepare
Registering precompiled user dll's ...
Registered in 0.003026 seconds.
Begin MonoManager ReloadAssembly
Native extension for WindowsStandalone target not found
Refreshing native plugins compatible for Editor in 0.69 ms, found 5 plugins.
Preloading 1 native plugins for Editor in 0.04 ms.
Mono: successfully reloaded assembly
- Completed reload, in  1.111 seconds
Platform modules already initialized, skipping
Script error: OnCollisionEnter
This message parameter has to be of type: Collision
The message will be ignored.

Shader 'Oculus/OVRMRCameraFrameLit': fallback shader 'Alpha-Diffuse' not found
Refreshing native plugins compatible for Editor in 0.78 ms, found 5 plugins.
Preloading 1 native plugins for Editor in 0.04 ms.
Unloading 2160 Unused Serialized files (Serialized files now loaded: 0)
System memory in use before: 102.1 MB.
System memory in use after: 102.2 MB.

Unloading 35 unused Assets to reduce memory usage. Loaded Objects now: 2681.
Total: 2.614300 ms (FindLiveObjects: 0.459700 ms CreateObjectMapping: 0.168200 ms MarkObjects: 1.920800 ms  DeleteObjects: 0.064400 ms)

========================================================================
Received Import Request.
  Time since last request: 225.808715 seconds.
  path: Assets/Scripts/Grabber.cs
  artifactKey: Guid(549929985be55e74db1ed28f1b2df727) Importer(815301076,1909f56bfc062723c751e8b465ee728b)
Start importing Assets/Scripts/Grabber.cs using Guid(549929985be55e74db1ed28f1b2df727) Importer(815301076,1909f56bfc062723c751e8b465ee728b)  -> (artifact id: '6d625a4378f26631a7f80a367aeb814d') in 0.007255 seconds
  Import took 0.011998 seconds .

========================================================================
Received Import Request.
  Time since last request: 80.097770 seconds.
  path: Assets/Scripts/Grabber.cs
  artifactKey: Guid(549929985be55e74db1ed28f1b2df727) Importer(815301076,1909f56bfc062723c751e8b465ee728b)
Start importing Assets/Scripts/Grabber.cs using Guid(549929985be55e74db1ed28f1b2df727) Importer(815301076,1909f56bfc062723c751e8b465ee728b)  -> (artifact id: '0e2d879ceb57bf7526f35293d81a7a50') in 0.002238 seconds
  Import took 0.007194 seconds .

========================================================================
Received Import Request.
  Time since last request: 407.844735 seconds.
  path: Assets/Scripts/Grabber.cs
  artifactKey: Guid(549929985be55e74db1ed28f1b2df727) Importer(815301076,1909f56bfc062723c751e8b465ee728b)
Start importing Assets/Scripts/Grabber.cs using Guid(549929985be55e74db1ed28f1b2df727) Importer(815301076,1909f56bfc062723c751e8b465ee728b)  -> (artifact id: 'a8e9f9d3e1a8428c8197ca75cb5c0ba0') in 0.003129 seconds
  Import took 0.008124 seconds .

========================================================================
Received Import Request.
  Time since last request: 298.388002 seconds.
  path: Assets/Scripts/Grabber.cs
  artifactKey: Guid(549929985be55e74db1ed28f1b2df727) Importer(815301076,1909f56bfc062723c751e8b465ee728b)
Start importing Assets/Scripts/Grabber.cs using Guid(549929985be55e74db1ed28f1b2df727) Importer(815301076,1909f56bfc062723c751e8b465ee728b)  -> (artifact id: 'a664a084e6ec6882a2b53b4fd3c852f5') in 0.002474 seconds
  Import took 0.006765 seconds .

========================================================================
Received Import Request.
  Time since last request: 117.230529 seconds.
  path: Assets/Scripts/Grabber.cs
  artifactKey: Guid(549929985be55e74db1ed28f1b2df727) Importer(815301076,1909f56bfc062723c751e8b465ee728b)
Start importing Assets/Scripts/Grabber.cs using Guid(549929985be55e74db1ed28f1b2df727) Importer(815301076,1909f56bfc062723c751e8b465ee728b)  -> (artifact id: '63962b16ab9a00d806d3dd52f4158b9c') in 0.002444 seconds
  Import took 0.007828 seconds .

========================================================================
Received Import Request.
  Time since last request: 25.554077 seconds.
  path: Assets/Scripts/Grabber.cs
  artifactKey: Guid(549929985be55e74db1ed28f1b2df727) Importer(815301076,1909f56bfc062723c751e8b465ee728b)
Start importing Assets/Scripts/Grabber.cs using Guid(549929985be55e74db1ed28f1b2df727) Importer(815301076,1909f56bfc062723c751e8b465ee728b)  -> (artifact id: '109402b8555ebb0112dcfc58f4b6c1ae') in 0.003313 seconds
  Import took 0.007732 seconds .

========================================================================
Received Import Request.
  Time since last request: 310.426131 seconds.
  path: Assets
  artifactKey: Guid(00000000000000001000000000000000) Importer(815301076,1909f56bfc062723c751e8b465ee728b)
Start importing Assets using Guid(00000000000000001000000000000000) Importer(815301076,1909f56bfc062723c751e8b465ee728b)  -> (artifact id: '5f6a1853b736837ecfb0820a881449cb') in 0.007186 seconds
  Import took 0.013714 seconds .

========================================================================
Received Import Request.
  Time since last request: 0.001075 seconds.
  path: Assets
  artifactKey: Guid(00000000000000001000000000000000) Importer(815301076,1909f56bfc062723c751e8b465ee728b)
Start importing Assets using Guid(00000000000000001000000000000000) Importer(815301076,1909f56bfc062723c751e8b465ee728b)  -> (artifact id: '5f6a1853b736837ecfb0820a881449cb') in 0.002899 seconds
  Import took 0.006562 seconds .

========================================================================
Received Import Request.
  Time since last request: 14.908093 seconds.
  path: Assets/VRActions.inputactions
  artifactKey: Guid(352111652147add438725fc72f9695de) Importer(815301076,1909f56bfc062723c751e8b465ee728b)
Start importing Assets/VRActions.inputactions using Guid(352111652147add438725fc72f9695de) Importer(815301076,1909f56bfc062723c751e8b465ee728b)  -> (artifact id: 'de455fb8e468ae008610fe5d95b42cb6') in 0.037748 seconds
  Import took 0.042657 seconds .

========================================================================
Received Import Request.
  Time since last request: 0.002246 seconds.
  path: Assets/VRActions.inputactions
  artifactKey: Guid(352111652147add438725fc72f9695de) Importer(815301076,1909f56bfc062723c751e8b465ee728b)
Start importing Assets/VRActions.inputactions using Guid(352111652147add438725fc72f9695de) Importer(815301076,1909f56bfc062723c751e8b465ee728b)  -> (artifact id: 'de455fb8e468ae008610fe5d95b42cb6') in 0.003347 seconds
  Import took 0.007675 seconds .

========================================================================
Received Import Request.
  Time since last request: 17117.214248 seconds.
  path: Assets/VRActions.inputactions
  artifactKey: Guid(352111652147add438725fc72f9695de) Importer(815301076,1909f56bfc062723c751e8b465ee728b)
Start importing Assets/VRActions.inputactions using Guid(352111652147add438725fc72f9695de) Importer(815301076,1909f56bfc062723c751e8b465ee728b)  -> (artifact id: 'd82dffb6d75d47a0b6d69bb159912ff0') in 0.031322 seconds
  Import took 0.069935 seconds .

