Using pre-set license
Built from '2020.3/release' branch; Version is '2020.3.7f1 (dd97f2c94397) revision 14522354'; Using compiler version '192528614'; Build Type 'Release'
OS: 'Windows 10 Pro; OS build 19042.1052; Version 2009; 64bit' Language: 'en' Physical Memory: 16254 MB
BatchMode: 1, IsHumanControllingUs: 0, StartBugReporterOnCrash: 0, Is64bit: 1, IsPro: 0

 COMMAND LINE ARGUMENTS:
D:\Unity\2020.3.7f1\Editor\Unity.exe
-adb2
-batchMode
-noUpm
-name
AssetImportWorker0
-projectPath
D:/Unity/GAPFinalProject/SHFinalProject
-logFile
Logs/AssetImportWorker0.log
-srvPort
60398
Successfully changed project path to: D:/Unity/GAPFinalProject/SHFinalProject
D:/Unity/GAPFinalProject/SHFinalProject
Using Asset Import Pipeline V2.
Refreshing native plugins compatible for Editor in 79.30 ms, found 5 plugins.
Preloading 1 native plugins for Editor in 1.46 ms.
Initialize engine version: 2020.3.7f1 (dd97f2c94397)
[Subsystems] Discovering subsystems at path D:/Unity/2020.3.7f1/Editor/Data/Resources/UnitySubsystems
[Subsystems] Discovering subsystems at path D:/Unity/GAPFinalProject/SHFinalProject/Assets
GfxDevice: creating device client; threaded=0
Direct3D:
    Version:  Direct3D 11.0 [level 11.1]
    Renderer: NVIDIA GeForce GTX 1060 (ID=0x1c20)
    Vendor:   
    VRAM:     6052 MB
    Driver:   27.21.14.6647
Shader 'Oculus/OVRMRCameraFrameLit': fallback shader 'Alpha-Diffuse' not found
Initialize mono
Mono path[0] = 'D:/Unity/2020.3.7f1/Editor/Data/Managed'
Mono path[1] = 'D:/Unity/2020.3.7f1/Editor/Data/MonoBleedingEdge/lib/mono/unityjit'
Mono config path = 'D:/Unity/2020.3.7f1/Editor/Data/MonoBleedingEdge/etc'
Using monoOptions --debugger-agent=transport=dt_socket,embedding=1,server=y,suspend=n,address=127.0.0.1:56984
Begin MonoManager ReloadAssembly
Registering precompiled unity dll's ...
Register platform support module: D:/Unity/2020.3.7f1/Editor/Data/PlaybackEngines/WindowsStandaloneSupport/UnityEditor.WindowsStandalone.Extensions.dll
Registered in 0.002414 seconds.
Native extension for WindowsStandalone target not found
Refreshing native plugins compatible for Editor in 100.38 ms, found 5 plugins.
Preloading 1 native plugins for Editor in 0.12 ms.
Mono: successfully reloaded assembly
- Completed reload, in  1.786 seconds
Platform modules already initialized, skipping
Registering precompiled user dll's ...
Registered in 0.004353 seconds.
Begin MonoManager ReloadAssembly
Native extension for WindowsStandalone target not found
Refreshing native plugins compatible for Editor in 65.11 ms, found 5 plugins.
Preloading 1 native plugins for Editor in 0.04 ms.
[XR] OculusXRPlugin: registering subsystems
[XR] Unable to register display lifecyle provider: [1]
[XR] Oculus Input lifecycle provider registered.
[XR] Unable to register input lifecyle provider: [1]
[XR] OVRP version 1.61.0
Mono: successfully reloaded assembly
- Completed reload, in  1.267 seconds
Platform modules already initialized, skipping
========================================================================
Worker process is ready to serve import requests
Shader 'Oculus/OVRMRCameraFrameLit': fallback shader 'Alpha-Diffuse' not found
Launched and connected shader compiler UnityShaderCompiler.exe after 0.08 seconds
Refreshing native plugins compatible for Editor in 1.02 ms, found 5 plugins.
Preloading 1 native plugins for Editor in 0.08 ms.
Unloading 2222 Unused Serialized files (Serialized files now loaded: 0)
System memory in use before: 105.9 MB.
System memory in use after: 106.0 MB.

Unloading 42 unused Assets to reduce memory usage. Loaded Objects now: 2647.
Total: 4.585800 ms (FindLiveObjects: 0.412800 ms CreateObjectMapping: 0.217800 ms MarkObjects: 3.770100 ms  DeleteObjects: 0.182600 ms)

========================================================================
Received Import Request.
  path: Assets/Art/Materials/Mat_Fireball.mat
  artifactKey: Guid(822a360932c6a7d479b095fdb7da312c) Importer(815301076,1909f56bfc062723c751e8b465ee728b)
Start importing Assets/Art/Materials/Mat_Fireball.mat using Guid(822a360932c6a7d479b095fdb7da312c) Importer(815301076,1909f56bfc062723c751e8b465ee728b)  -> (artifact id: 'd20466082723632d1e56e2cbcb653dd8') in 0.206113 seconds
  Import took 0.211987 seconds .

========================================================================
Received Import Request.
  Time since last request: 0.000281 seconds.
  path: Assets/Art/Materials
  artifactKey: Guid(2209ca0f1b07cca4b9ce7692182924eb) Importer(815301076,1909f56bfc062723c751e8b465ee728b)
Start importing Assets/Art/Materials using Guid(2209ca0f1b07cca4b9ce7692182924eb) Importer(815301076,1909f56bfc062723c751e8b465ee728b)  -> (artifact id: '64cdbeed8fb7337c15e5c94623c8e90f') in 0.009648 seconds
  Import took 0.014542 seconds .

========================================================================
Received Import Request.
  Time since last request: 31.591996 seconds.
  path: Assets/Art/Materials/Mat_Grabbable.mat
  artifactKey: Guid(066b3d6eb5587624fa2afcb3813a0929) Importer(815301076,1909f56bfc062723c751e8b465ee728b)
Start importing Assets/Art/Materials/Mat_Grabbable.mat using Guid(066b3d6eb5587624fa2afcb3813a0929) Importer(815301076,1909f56bfc062723c751e8b465ee728b)  -> (artifact id: '10c3ea406a393ad494d5963b96c21cfe') in 0.015401 seconds
  Import took 0.020064 seconds .

========================================================================
Received Import Request.
  Time since last request: 33.541312 seconds.
  path: Assets/Art/Materials/Mat_Floor.mat
  artifactKey: Guid(9cec07a348123e249ab3e514936127a7) Importer(815301076,1909f56bfc062723c751e8b465ee728b)
Start importing Assets/Art/Materials/Mat_Floor.mat using Guid(9cec07a348123e249ab3e514936127a7) Importer(815301076,1909f56bfc062723c751e8b465ee728b)  -> (artifact id: 'afaefe6fe84473d70c00a385cb8e796f') in 0.016423 seconds
  Import took 0.021816 seconds .

========================================================================
Received Import Request.
  Time since last request: 1640.065246 seconds.
  path: Assets/Art/Materials/Mat_Floor.mat
  artifactKey: Guid(9cec07a348123e249ab3e514936127a7) Importer(815301076,1909f56bfc062723c751e8b465ee728b)
Start importing Assets/Art/Materials/Mat_Floor.mat using Guid(9cec07a348123e249ab3e514936127a7) Importer(815301076,1909f56bfc062723c751e8b465ee728b)  -> (artifact id: 'e4152b56b89538e942dad298b9f26a67') in 0.026847 seconds
  Import took 0.033249 seconds .

========================================================================
Received Import Request.
  Time since last request: 0.000291 seconds.
  path: Assets/Art/Materials/Mat_Grabbable.mat
  artifactKey: Guid(066b3d6eb5587624fa2afcb3813a0929) Importer(815301076,1909f56bfc062723c751e8b465ee728b)
Start importing Assets/Art/Materials/Mat_Grabbable.mat using Guid(066b3d6eb5587624fa2afcb3813a0929) Importer(815301076,1909f56bfc062723c751e8b465ee728b)  -> (artifact id: '73cbcd05736ae657a0d911e8f3991a30') in 0.028909 seconds
  Import took 0.037358 seconds .

AssetImportWorkerClient::OnTransportError - code=2 error=End of file
